SEGGER J-Link GDB Server V5.12e LogFile
Logging started @ 2017-05-09 14:57
03-00000000-00-00000000-0023: -----GDB Server start settings-----
03-00000000-00-00000000-0023: GDBInit file:                  none
03-00000000-00-00000000-0023: GDB Server Listening port:     2331
03-00000000-00-00000000-0023: SWO raw output listening port: 2332
03-00000000-00-00000000-0023: Terminal I/O port:             2333
03-00000000-00-00000000-002D: Accept remote connection:      localhost only
03-00000000-00-00000000-0021: Generate logfile:              on
03-00000000-00-00000000-0022: Verify download:               off
03-00000000-00-00000000-0022: Init regs on start:            off
03-00000000-00-00000000-0021: Silent mode:                   on
03-00000000-00-00000000-0021: Single run mode:               on
03-00000000-00-00000000-0023: Target connection timeout:     0 ms
03-00000000-00-00000001-0023: ------J-Link related settings------
03-00000000-00-00000001-0022: J-Link Host interface:         USB
03-00000000-00-00000001-0023: J-Link script:                 none
03-00000000-00-00000001-0023: J-Link settings file:          none
03-00000000-00-00000001-0023: ------Target related settings------
03-00000000-00-00000001-0028: Target device:                 Cortex-M0
03-00000000-00-00000001-0022: Target interface:              SWD
03-00000000-00-00000001-0026: Target interface speed:        4000kHz
03-00000000-00-00000001-0025: Target endian:                 little
03-00000000-00-00000019-0017: Connecting to J-Link...
02-00000000-00-00000030-003D: Firmware: J-Link OB-SAM3U128 V1 compiled Mar 29 2016 18:48:55
02-00000000-00-00000030-000F: Hardware: V1.00
02-00000000-00-00000294-0033: S/N: 480059084  returns O.K. (0275ms, 0276ms total)
03-00000000-00-00000294-0014: J-Link is connected.
02-00000000-00-00000349-005F: TAD4C 000:296 JLINK_ExecCommand("device = Cortex-M0", ...)  returns 0x00 (0055ms, 0331ms total)
02-00000000-00-00000349-0068: TAD4C 000:351 JLINK_ExecCommand("SetFlashRewriteBehavior = 1", ...)  returns 0x00 (0000ms, 0331ms total)
02-00000000-00-00000349-0041: TAD4C 000:351 JLINK_GetFirmwareString(...) (0000ms, 0331ms total)
03-00000000-00-00000349-003D: Firmware: J-Link OB-SAM3U128 V1 compiled Mar 29 2016 18:48:55
02-00000000-00-00000349-004F: TAD4C 000:351 JLINK_GetHardwareVersion()  returns 0x2710 (0000ms, 0331ms total)
03-00000000-00-00000349-000F: Hardware: V1.00
03-00000000-00-00000349-000E: S/N: 480059084
02-00000000-00-00000350-0049: TAD4C 000:351 JLINK_GetHWStatus(...)  returns 0x00 (0001ms, 0332ms total)
02-00000000-00-00000350-003C: TAD4C 000:352 JLINK_EnableSoftBPs(ON) (0000ms, 0332ms total)
03-00000000-00-00000350-001A: Checking target voltage...
03-00000000-00-00000350-0016: Target voltage: 3.30 V
03-00000000-00-00000350-001D: Listening on TCP/IP port 2331
03-00000000-00-00000350-0017: Connecting to target...
02-00000000-00-00000350-0035: TAD4C 000:352 JLINK_ClrError() (0000ms, 0332ms total)
02-00000000-00-00000350-0049: TAD4C 000:352 JLINK_GetHWStatus(...)  returns 0x00 (0000ms, 0332ms total)
02-00000000-00-00000352-0055: TAD4C 000:352 JLINK_TIF_Select(JLINKARM_TIF_SWD)  returns 0x00 (0002ms, 0334ms total)
02-00000000-00-00000352-0039: TAD4C 000:354 JLINK_SetSpeed(4000) (0000ms, 0334ms total)
02-00000000-00-00000352-0044: TAD4C 000:354 JLINK_GetSpeed()  returns 0xF07 (0000ms, 0334ms total)
02-00000000-00-00000352-0077: TAD4C 000:354 JLINK_SetResetType(JLINKARM_RESET_TYPE_NORMAL)  returns JLINKARM_RESET_TYPE_NORMAL (0000ms, 0334ms total)
02-00000000-00-00000352-003B: TAD4C 000:354 JLINK_SetResetDelay(0) (0000ms, 0334ms total)
02-00000000-00-00000352-0055: TAD4C 000:354 JLINK_SetEndian(ARM_ENDIAN_LITTLE)  returns 0x00 (0000ms, 0334ms total)
02-00000000-00-00000369-01F8: TAD4C 000:354 JLINK_Connect() >0x108 TIF>Found SWD-DP with ID 0x0BB11477 >0x0D TIF> >0x28 TIF> >0x0D TIF> >0x28 TIF> >0x0D TIF> >0x28 TIF> >0x0D TIF> >0x28 TIF> >0x0D TIF> >0x21 TIF> >0x0D TIF> >0x28 TIF> >0x0D TIF> >0x28 TIF> >0x0D TIF> >0x21 TIF> >0x0D TIF> >0x21 TIF> >0x0D TIF> >0x21 TIF> >0x0D TIF> >0x28 TIF> >0x0D TIF> >0x28 TIF> >0x0D TIF> >0x28 TIF> >0x0D TIF> >0x21 TIF> >0x0D TIF> >0x21 TIF> >0x0D TIF> >0x28 TIF> >0x0D TIF> >0x21 TIF> >0x0D TIF> >0x21 TIF>Found Cortex-M0 r0p0, Little endian.
02-00000000-00-00000374-01D8:  -- CPU_ReadMem(4 bytes @ 0xE000EDF0) -- CPU_ReadMem(4 bytes @ 0xE0002000) -- CPU_ReadMem(4 bytes @ 0xE000EDFC) -- CPU_ReadMem(4 bytes @ 0xE0001000) -- CPU_WriteMem(4 bytes @ 0xE0001000)CoreSight components:ROMTbl 0 @ E00FF000 -- CPU_ReadMem(16 bytes @ 0xE00FF000) -- CPU_ReadMem(16 bytes @ 0xE000EFF0) -- CPU_ReadMem(16 bytes @ 0xE000EFE0)ROMTbl 0 [0]: FFF0F000, CID: B105E00D, PID: 000BB008 SCS -- CPU_ReadMem(16 bytes @ 0xE0001FF0) -- CPU_ReadMem(16 bytes @ 0xE0001FE0)
02-00000000-00-00000375-00E1: ROMTbl 0 [1]: FFF02000, CID: B105E00D, PID: 000BB00A DWT -- CPU_ReadMem(16 bytes @ 0xE0002FF0) -- CPU_ReadMem(16 bytes @ 0xE0002FE0)ROMTbl 0 [2]: FFF03000, CID: B105E00D, PID: 000BB00B FPB  returns 0x00 (0023ms, 0357ms total)
02-00000000-00-00000376-00A2: TAD4C 000:377 JLINK_GetIdData(...) >0x0D TIF> >0x21 TIF> ScanLen=4 NumDevices=1 aId[0]=0x0BB11477 aIrRead[0]=0 aScanLen[0]=0 aScanRead[0]=0 (0001ms, 0358ms total)
02-00000000-00-00000376-0047: TAD4C 000:378 JLINK_GetDeviceFamily()  returns 6 (0000ms, 0358ms total)
02-00000000-00-00000376-004D: TAD4C 000:378 JLINK_CORE_GetFound()  returns 0x60000FF (0000ms, 0358ms total)
02-00000000-00-00000379-0043: TAD4C 000:378 JLINK_IsHalted()  returns TRUE (0003ms, 0361ms total)
02-00000000-00-00000379-0043: TAD4C 000:381 JLINK_IsHalted()  returns TRUE (0000ms, 0358ms total)
03-00000000-00-00000379-0013: Connected to target
03-00000000-00-00000379-001D: Waiting for GDB connection...
03-00000000-00-00000527-0016: Connected to 127.0.0.1
00-00000338-00-00000528-0014: $qRcmd,636C726270#3D
01-00000338-00-00000528-0001: +
01-00000338-00-00000528-0006: $OK#9a
00-00000338-00-00000528-0019: +$qRcmd,72657365742030#FC
01-00000338-00-00000528-0001: +
02-00000000-00-00000530-0077: TA1F8 000:532 JLINK_SetResetType(JLINKARM_RESET_TYPE_NORMAL)  returns JLINKARM_RESET_TYPE_NORMAL (0000ms, 0358ms total)
02-00000000-00-00000530-003E: TA1F8 000:532 JLINK_ResetPullsRESET(ON) (0000ms, 0358ms total)
02-00000000-00-00000579-01FB: TA1F8 000:532 JLINK_Reset() -- CPU_WriteMem(4 bytes @ 0xE000EDF0) -- CPU_WriteMem(4 bytes @ 0xE000EDFC) >0x35 TIF> -- CPU_WriteMem(4 bytes @ 0xE000ED0C) -- CPU_ReadMem(4 bytes @ 0xE000EDF0) -- CPU_ReadMem(4 bytes @ 0xE000EDF0) -- CPU_WriteMem(4 bytes @ 0xE000EDF0) -- CPU_WriteMem(4 bytes @ 0xE000EDFC) -- CPU is running -- CPU_ReadMem(4 bytes @ 0xE000EDF0) -- CPU_WriteMem(4 bytes @ 0xE0002000) -- CPU_ReadMem(4 bytes @ 0xE000EDFC) -- CPU_ReadMem(4 bytes @ 0xE0001000) -- CPU_WriteMem(4 bytes @ 0xE0001000)
02-00000000-00-00000579-0017:  (0049ms, 0407ms total)
01-00000338-00-00000579-007C: $52657365747320636f72652026207065726970686572616c7320766961205359535245534554524551202620564543545245534554206269742e0D0A#1f
00-00000338-00-00000579-001B: +$qRcmd,736C656570203130#6C
03-00000000-00-00000579-003A: Resets core & peripherals via SYSRESETREQ & VECTRESET bit.
01-00000338-00-00000579-0001: +
01-00000338-00-00000590-001C: $536c6565702031306d730D0A#50
00-00000338-00-00000590-0013: +$qRcmd,68616C74#DC
03-00000000-00-00000590-000A: Sleep 10ms
01-00000338-00-00000590-0001: +
03-00000000-00-00000590-0015: Halting target CPU...
02-00000000-00-00000590-003F: TA1F8 000:592 JLINK_Halt()  returns 0x00 (0000ms, 0407ms total)
02-00000000-00-00000590-0043: TA1F8 000:592 JLINK_IsHalted()  returns TRUE (0000ms, 0407ms total)
02-00000000-00-00000590-0050: TA1F8 000:592 JLINK_ReadReg(R15 (PC))  returns 0x0000022C (0000ms, 0407ms total)
03-00000000-00-00000590-0022: ...Target halted (PC = 0x0000022C)
01-00000338-00-00000590-0006: $OK#9a
00-00000338-00-00000590-0045: +$qRcmd,6D656D55333220307837666430303030203D2030786465616462656566#14
01-00000338-00-00000590-0001: +
02-00000000-00-00000590-007F: TA1F8 000:592 JLINK_WriteU32(0x07FD0000, 0xDEADBEEF) -- CPU_WriteMem(4 bytes @ 0x07FD0000)  returns 0x00 (0000ms, 0407ms total)
01-00000338-00-00000590-0056: $57726974696e6720307844454144424545462040206164647265737320307830374644303030300D0A#e9
00-00000338-00-00000590-0045: +$qRcmd,6D656D55333220307837666430303034203D2030786465616462656566#18
03-00000000-00-00000590-0027: Writing 0xDEADBEEF @ address 0x07FD0000
01-00000338-00-00000590-0001: +
02-00000000-00-00000591-007F: TA1F8 000:592 JLINK_WriteU32(0x07FD0004, 0xDEADBEEF) -- CPU_WriteMem(4 bytes @ 0x07FD0004)  returns 0x00 (0001ms, 0408ms total)
01-00000338-00-00000591-0056: $57726974696e6720307844454144424545462040206164647265737320307830374644303030340D0A#ed
00-00000338-00-00000591-0045: +$qRcmd,6D656D55333220307837666430303038203D2030786465616462656566#1C
03-00000000-00-00000591-0027: Writing 0xDEADBEEF @ address 0x07FD0004
01-00000338-00-00000591-0001: +
02-00000000-00-00000592-007F: TA1F8 000:593 JLINK_WriteU32(0x07FD0008, 0xDEADBEEF) -- CPU_WriteMem(4 bytes @ 0x07FD0008)  returns 0x00 (0001ms, 0409ms total)
01-00000338-00-00000592-0056: $57726974696e6720307844454144424545462040206164647265737320307830374644303030380D0A#f1
00-00000338-00-00000592-0045: +$qRcmd,6D656D55333220307837666430303063203D2030786465616431306363#09
03-00000000-00-00000592-0027: Writing 0xDEADBEEF @ address 0x07FD0008
01-00000338-00-00000592-0001: +
02-00000000-00-00000592-007F: TA1F8 000:594 JLINK_WriteU32(0x07FD000C, 0xDEAD10CC) -- CPU_WriteMem(4 bytes @ 0x07FD000C)  returns 0x00 (0000ms, 0409ms total)
01-00000338-00-00000592-0056: $57726974696e6720307844454144313043432040206164647265737320307830374644303030430D0A#e0
00-00000338-01-00000592-0015: 2b245834303063333035302c343a01000000234232
03-00000000-00-00000592-0027: Writing 0xDEAD10CC @ address 0x07FD000C
01-00000338-00-00000592-0001: +
03-00000000-00-00000592-0028: Downloading 4 bytes @ address 0x400C3050
02-00000000-00-00000593-009A: TA1F8 000:594 JLINK_WriteMem(0x400C3050, 0x0004 Bytes, ...) - Data: 01 00 00 00 -- CPU_WriteMem(4 bytes @ 0x400C3050)  returns 0x04 (0001ms, 0410ms total)
01-00000338-00-00000593-0006: $OK#9a
00-00000338-00-00000593-001D: +$qRcmd,736C65657020313030#CF
01-00000338-00-00000593-0001: +
01-00000338-00-00000697-001E: $536c656570203130306d730D0A#b3
00-00000338-00-00000697-0001: +
03-00000000-00-00000697-000B: Sleep 100ms
00-00000338-00-00001698-0018: $qRcmd,72657365742030#FC
01-00000338-00-00001698-0001: +
02-00000000-00-00001698-0077: TA1F8 001:700 JLINK_SetResetType(JLINKARM_RESET_TYPE_NORMAL)  returns JLINKARM_RESET_TYPE_NORMAL (0000ms, 0410ms total)
02-00000000-00-00001698-003E: TA1F8 001:700 JLINK_ResetPullsRESET(ON) (0000ms, 0410ms total)
02-00000000-00-00001714-01FB: TA1F8 001:700 JLINK_Reset() -- CPU_WriteMem(4 bytes @ 0xE000EDF0) -- CPU_WriteMem(4 bytes @ 0xE000EDFC) >0x35 TIF> -- CPU_WriteMem(4 bytes @ 0xE000ED0C) -- CPU_ReadMem(4 bytes @ 0xE000EDF0) >0x108 TIF>Found SWD-DP with ID 0x0BB11477 >0x0D TIF> >0x28 TIF> >0x0D TIF> >0x28 TIF> >0x0D TIF> >0x28 TIF> >0x0D TIF> >0x28 TIF> >0x0D TIF> >0x21 TIF> >0x0D TIF> >0x28 TIF> >0x0D TIF> >0x28 TIF> >0x0D TIF> >0x21 TIF> >0x0D TIF> >0x21 TIF> >0x0D TIF> >0x21 TIF> >0x0D TIF> >0x28 TIF> >0x0D TIF> >0x28 TIF> >0x0D TIF>
02-00000000-00-00001729-01E7:  >0x28 TIF> >0x0D TIF> >0x21 TIF> >0x0D TIF> >0x21 TIF> >0x0D TIF> >0x28 TIF> >0x0D TIF> >0x21 TIF> >0x0D TIF> >0x21 TIF>Found Cortex-M0 r0p0, Little endian. -- CPU_WriteMem(4 bytes @ 0xE000EDF0) -- CPU_WriteMem(4 bytes @ 0xE000EDFC) >0x35 TIF> -- CPU_WriteMem(4 bytes @ 0xE000ED0C) -- CPU_ReadMem(4 bytes @ 0xE000EDF0) -- CPU_ReadMem(4 bytes @ 0xE000EDF0) -- CPU_WriteMem(4 bytes @ 0xE000EDF0) -- CPU_WriteMem(4 bytes @ 0xE000EDFC) -- CPU is running -- CPU_ReadMem(4 bytes @ 0xE000EDF0)
02-00000000-00-00001732-00AD:  -- CPU_WriteMem(4 bytes @ 0xE0002000) -- CPU_ReadMem(4 bytes @ 0xE000EDFC) -- CPU_ReadMem(4 bytes @ 0xE0001000) -- CPU_WriteMem(4 bytes @ 0xE0001000) (0034ms, 0444ms total)
01-00000338-00-00001732-007C: $52657365747320636f72652026207065726970686572616c7320766961205359535245534554524551202620564543545245534554206269742e0D0A#1f
00-00000338-00-00001732-0001: +
03-00000000-00-00001732-003A: Resets core & peripherals via SYSRESETREQ & VECTRESET bit.
00-00000338-00-00001732-0018: $qRcmd,736C6565702031#09
01-00000338-00-00001732-0001: +
01-00000338-00-00001734-001A: $536c65657020316d730D0A#ed
00-00000338-00-00001734-0001: +
03-00000000-00-00001734-0009: Sleep 1ms
00-00000338-00-00001734-0012: $qRcmd,68616C74#DC
01-00000338-00-00001734-0001: +
03-00000000-00-00001734-0015: Halting target CPU...
02-00000000-00-00001734-003F: TA1F8 001:736 JLINK_Halt()  returns 0x00 (0000ms, 0444ms total)
02-00000000-00-00001734-0043: TA1F8 001:736 JLINK_IsHalted()  returns TRUE (0000ms, 0444ms total)
02-00000000-00-00001734-0050: TA1F8 001:736 JLINK_ReadReg(R15 (PC))  returns 0x07F01E8A (0000ms, 0444ms total)
03-00000000-00-00001734-0022: ...Target halted (PC = 0x07F01E8A)
01-00000338-00-00001734-0006: $OK#9a
00-00000338-00-00001734-0001: +
00-00000338-01-00001734-0012: 245835303030303031322c323aab00233233
01-00000338-00-00001734-0001: +
03-00000000-00-00001734-0028: Downloading 2 bytes @ address 0x50000012
02-00000000-00-00001735-0094: TA1F8 001:736 JLINK_WriteMem(0x50000012, 0x0002 Bytes, ...) - Data: AB 00 -- CPU_WriteMem(2 bytes @ 0x50000012)  returns 0x02 (0001ms, 0445ms total)
01-00000338-00-00001735-0006: $OK#9a
00-00000338-00-00001740-0001: +
00-00000338-00-00001791-0086: $qRcmd,6C6F616462696E20433A5C55736572735C68656C6C735C417070446174615C4C6F63616C5C54656D705C393332362E746D702C2030783030303030303030#78
01-00000338-00-00001791-0001: +
03-00000000-00-00001791-0044: Loading binary file [C:\Users\hells\AppData\Local\Temp\9326.tmp] ...
03-00000000-00-00001791-002C: Downloading 16032 bytes @ address 0x00000000
02-00000000-00-00001882-00C8: TA1F8 001:793 JLINK_WriteMem(0x00000000, 0x3EA0 Bytes, ...) - Data: 00 FC 00 00 2D 02 00 00 25 05 00 00 25 05 00 00 ... -- CPU_WriteMem(16032 bytes @ 0x00000000)  returns 0x3EA0 (0091ms, 0536ms total)
01-00000338-00-00001883-0078: $42696e6172792066696c65206c6f61646564207375636365737366756c6c792028313630333220627974657320646f776e6c6f61646564290D0A#ce
00-00000338-00-00001883-0019: +$qRcmd,72657365742030#FC
03-00000000-00-00001883-0038: Binary file loaded successfully (16032 bytes downloaded)
01-00000338-00-00001883-0001: +
02-00000000-00-00001883-0077: TA1F8 001:885 JLINK_SetResetType(JLINKARM_RESET_TYPE_NORMAL)  returns JLINKARM_RESET_TYPE_NORMAL (0000ms, 0536ms total)
02-00000000-00-00001883-003E: TA1F8 001:885 JLINK_ResetPullsRESET(ON) (0000ms, 0536ms total)
02-00000000-00-00001904-01FB: TA1F8 001:885 JLINK_Reset() -- CPU_ReadMem(4 bytes @ 0x00000000) -- CPU_WriteMem(4 bytes @ 0x00000000) -- CPU_WriteMem(4 bytes @ 0xE000EDF0) -- CPU_WriteMem(4 bytes @ 0xE000EDFC) >0x35 TIF> -- CPU_WriteMem(4 bytes @ 0xE000ED0C) -- CPU_ReadMem(4 bytes @ 0xE000EDF0) -- CPU_ReadMem(4 bytes @ 0xE000EDF0) -- CPU_WriteMem(4 bytes @ 0xE000EDF0) -- CPU_WriteMem(4 bytes @ 0xE000EDFC) -- CPU is running -- CPU_ReadMem(4 bytes @ 0xE000EDF0) -- CPU_WriteMem(4 bytes @ 0xE0002000) -- CPU_ReadMem(4 bytes @ 0xE000EDFC)
02-00000000-00-00001905-0062:  -- CPU_ReadMem(4 bytes @ 0xE0001000) -- CPU_WriteMem(4 bytes @ 0xE0001000) (0022ms, 0558ms total)
01-00000338-00-00001905-007C: $52657365747320636f72652026207065726970686572616c7320766961205359535245534554524551202620564543545245534554206269742e0D0A#1f
00-00000338-00-00001905-0013: +$qRcmd,68616C74#DC
03-00000000-00-00001905-003A: Resets core & peripherals via SYSRESETREQ & VECTRESET bit.
01-00000338-00-00001905-0001: +
03-00000000-00-00001905-0015: Halting target CPU...
02-00000000-00-00001905-003F: TA1F8 001:907 JLINK_Halt()  returns 0x00 (0000ms, 0558ms total)
02-00000000-00-00001905-0043: TA1F8 001:907 JLINK_IsHalted()  returns TRUE (0000ms, 0558ms total)
02-00000000-00-00001905-0050: TA1F8 001:907 JLINK_ReadReg(R15 (PC))  returns 0x0000022C (0000ms, 0558ms total)
03-00000000-00-00001905-0022: ...Target halted (PC = 0x0000022C)
01-00000338-00-00001905-0006: $OK#9a
00-00000338-01-00001905-000D: 2b24583231382c313a01233842
01-00000338-00-00001905-0001: +
03-00000000-00-00001905-0028: Downloading 1 bytes @ address 0x00000218
02-00000000-00-00001905-0091: TA1F8 001:907 JLINK_WriteMem(0x00000218, 0x0001 Bytes, ...) - Data: 01 -- CPU_WriteMem(1 bytes @ 0x00000218)  returns 0x01 (0000ms, 0558ms total)
01-00000338-00-00001905-0006: $OK#9a
00-00000338-00-00001905-0006: +$s#73
01-00000338-00-00001905-0001: +
03-00000000-00-00001905-0019: Performing single step...
02-00000000-00-00001912-0131: TA1F8 001:907 JLINK_Step() -- CPU_ReadMem(2 bytes @ 0x0000022C) -- CPU_ReadMem(4 bytes @ 0xE000ED18) -- CPU_WriteMem(4 bytes @ 0xE000ED18) -- CPU_ReadMem(4 bytes @ 0xE000ED18) -- CPU_WriteMem(4 bytes @ 0xE000ED18) -- Not simulated -- CPU_WriteMem(4 bytes @ 0xE0001004)  returns 0x00 (0007ms, 0565ms total)
02-00000000-00-00001912-0043: TA1F8 001:914 JLINK_IsHalted()  returns TRUE (0000ms, 0565ms total)
02-00000000-00-00001912-0050: TA1F8 001:914 JLINK_ReadReg(R15 (PC))  returns 0x0000022E (0000ms, 0565ms total)
02-00000000-00-00001913-006A: TA1F8 001:914 JLINK_GetMOEs(...) -- CPU_ReadMem(4 bytes @ 0xE000ED30)  returns 0x01 (0001ms, 0566ms total)
03-00000000-00-00001913-0030: ...Target halted (Vector catch, PC = 0x0000022E)
01-00000338-00-00001913-0007: $T05#b9
00-00000338-00-00001913-0006: +$c#63
01-00000338-00-00001913-0001: +
03-00000000-00-00001913-0016: Starting target CPU...
02-00000000-00-00001913-0043: TA1F8 001:915 JLINK_IsHalted()  returns TRUE (0000ms, 0566ms total)
02-00000000-00-00001914-00C1: TA1F8 001:915 JLINK_GoEx(MaxEmulInsts = -1, Flags = 0x00) -- CPU_ReadMem(4 bytes @ 0xE0001000) -- CPU_WriteMem(4 bytes @ 0xE000ED30) -- CPU_WriteMem(4 bytes @ 0xE0001000) (0001ms, 0567ms total)
02-00000000-00-00001914-0044: TA1F8 001:916 JLINK_IsHalted()  returns FALSE (0000ms, 0567ms total)
02-00000000-00-00001936-0044: TA1F8 001:938 JLINK_IsHalted()  returns FALSE (0000ms, 0567ms total)
02-00000000-00-00001958-0044: TA1F8 001:959 JLINK_IsHalted()  returns FALSE (0001ms, 0568ms total)
02-00000000-00-00001979-0044: TA1F8 001:981 JLINK_IsHalted()  returns FALSE (0000ms, 0567ms total)
02-00000000-00-00002000-0044: TA1F8 002:002 JLINK_IsHalted()  returns FALSE (0000ms, 0567ms total)
02-00000000-00-00002023-0044: TA1F8 002:024 JLINK_IsHalted()  returns FALSE (0001ms, 0568ms total)
02-00000000-00-00002044-0044: TA1F8 002:046 JLINK_IsHalted()  returns FALSE (0000ms, 0567ms total)
02-00000000-00-00002066-0044: TA1F8 002:067 JLINK_IsHalted()  returns FALSE (0001ms, 0568ms total)
02-00000000-00-00002087-0044: TA1F8 002:089 JLINK_IsHalted()  returns FALSE (0000ms, 0567ms total)
02-00000000-00-00002160-0044: TA1F8 002:161 JLINK_IsHalted()  returns FALSE (0001ms, 0568ms total)
02-00000000-00-00002181-0044: TA1F8 002:183 JLINK_IsHalted()  returns FALSE (0000ms, 0567ms total)
02-00000000-00-00002202-0044: TA1F8 002:204 JLINK_IsHalted()  returns FALSE (0000ms, 0567ms total)
02-00000000-00-00002227-0044: TA1F8 002:228 JLINK_IsHalted()  returns FALSE (0001ms, 0568ms total)
02-00000000-00-00002248-0044: TA1F8 002:250 JLINK_IsHalted()  returns FALSE (0000ms, 0567ms total)
02-00000000-00-00002269-0044: TA1F8 002:271 JLINK_IsHalted()  returns FALSE (0000ms, 0567ms total)
02-00000000-00-00002291-0044: TA1F8 002:292 JLINK_IsHalted()  returns FALSE (0001ms, 0568ms total)
02-00000000-00-00002311-0044: TA1F8 002:313 JLINK_IsHalted()  returns FALSE (0000ms, 0567ms total)
02-00000000-00-00002333-0044: TA1F8 002:335 JLINK_IsHalted()  returns FALSE (0000ms, 0567ms total)
02-00000000-00-00002354-0044: TA1F8 002:356 JLINK_IsHalted()  returns FALSE (0000ms, 0567ms total)
02-00000000-00-00002376-0044: TA1F8 002:378 JLINK_IsHalted()  returns FALSE (0000ms, 0567ms total)
02-00000000-00-00002398-0044: TA1F8 002:400 JLINK_IsHalted()  returns FALSE (0000ms, 0567ms total)
02-00000000-00-00002419-0044: TA1F8 002:421 JLINK_IsHalted()  returns FALSE (0000ms, 0567ms total)
02-00000000-00-00002433-0049: TAF54 002:435 JLINK_GetHWStatus(...)  returns 0x00 (0000ms, 0567ms total)
02-00000000-00-00002441-0044: TA1F8 002:442 JLINK_IsHalted()  returns FALSE (0001ms, 0568ms total)
02-00000000-00-00002462-0044: TA1F8 002:464 JLINK_IsHalted()  returns FALSE (0000ms, 0567ms total)
02-00000000-00-00002484-0044: TA1F8 002:485 JLINK_IsHalted()  returns FALSE (0001ms, 0568ms total)
02-00000000-00-00002505-0044: TA1F8 002:507 JLINK_IsHalted()  returns FALSE (0000ms, 0567ms total)
02-00000000-00-00002527-0044: TA1F8 002:529 JLINK_IsHalted()  returns FALSE (0000ms, 0567ms total)
02-00000000-00-00002554-0044: TA1F8 002:555 JLINK_IsHalted()  returns FALSE (0001ms, 0568ms total)
02-00000000-00-00002575-0044: TA1F8 002:577 JLINK_IsHalted()  returns FALSE (0000ms, 0567ms total)
02-00000000-00-00002597-0044: TA1F8 002:598 JLINK_IsHalted()  returns FALSE (0001ms, 0568ms total)
02-00000000-00-00002621-0043: TA1F8 002:620 JLINK_IsHalted()  returns TRUE (0003ms, 0570ms total)
02-00000000-00-00002621-0050: TA1F8 002:623 JLINK_ReadReg(R15 (PC))  returns 0x0000123E (0000ms, 0567ms total)
02-00000000-00-00002622-006A: TA1F8 002:623 JLINK_GetMOEs(...) -- CPU_ReadMem(4 bytes @ 0xE000ED30)  returns 0x01 (0001ms, 0568ms total)
03-00000000-00-00002622-002A: ...Breakpoint reached @ address 0x0000123E
01-00000338-00-00002622-0007: $T05#b9
00-00000338-01-00002622-0034: 2b245831303030302c32343a7061ffff003601000dece140312e302e302e3100ffffffffffffffff80a6f8587d04000000233730
01-00000338-00-00002643-0001: +
03-00000000-00-00002643-0029: Downloading 36 bytes @ address 0x00010000
02-00000000-00-00002645-00C3: TA1F8 002:645 JLINK_WriteMem(0x00010000, 0x0024 Bytes, ...) - Data: 70 61 FF FF 00 36 01 00 0D EC E1 40 31 2E 30 2E ... -- CPU_WriteMem(36 bytes @ 0x00010000)  returns 0x24 (0002ms, 0570ms total)
01-00000338-00-00002645-0006: $OK#9a
00-00000338-01-00002645-001C: 2b2458336465632c653a01030a00000001007d040000f00100233033
01-00000338-00-00002645-0001: +
03-00000000-00-00002645-0029: Downloading 14 bytes @ address 0x00003DEC
02-00000000-00-00002646-00B9: TA1F8 002:647 JLINK_WriteMem(0x00003DEC, 0x000E Bytes, ...) - Data: 01 03 0A 00 00 00 01 00 24 00 00 F0 01 00 -- CPU_WriteMem(14 bytes @ 0x00003DEC)  returns 0x0E (0001ms, 0571ms total)
01-00000338-00-00002646-0006: $OK#9a
00-00000338-01-00002646-0010: 2b24583231632c343a01000000234239
01-00000338-00-00002646-0001: +
03-00000000-00-00002646-0028: Downloading 4 bytes @ address 0x0000021C
02-00000000-00-00002647-009A: TA1F8 002:648 JLINK_WriteMem(0x0000021C, 0x0004 Bytes, ...) - Data: 01 00 00 00 -- CPU_WriteMem(4 bytes @ 0x0000021C)  returns 0x04 (0001ms, 0572ms total)
01-00000338-00-00002647-0006: $OK#9a
00-00000338-00-00002647-0006: +$s#73
01-00000338-00-00002647-0001: +
03-00000000-00-00002647-0019: Performing single step...
02-00000000-00-00002648-0096: TA1F8 002:649 JLINK_Step() -- CPU_ReadMem(2 bytes @ 0x0000123E) -- CPU_ReadMem(4 bytes @ 0xE0001004) -- Simulated  returns 0x00 (0001ms, 0573ms total)
02-00000000-00-00002648-0043: TA1F8 002:650 JLINK_IsHalted()  returns TRUE (0000ms, 0573ms total)
02-00000000-00-00002648-0050: TA1F8 002:650 JLINK_ReadReg(R15 (PC))  returns 0x00001240 (0000ms, 0573ms total)
02-00000000-00-00002648-0045: TA1F8 002:650 JLINK_GetMOEs(...)  returns 0x01 (0000ms, 0573ms total)
03-00000000-00-00002648-002A: ...Breakpoint reached @ address 0x00001240
01-00000338-00-00002648-0007: $T05#b9
00-00000338-00-00002648-0006: +$c#63
01-00000338-00-00002648-0001: +
03-00000000-00-00002648-0016: Starting target CPU...
02-00000000-00-00002648-0043: TA1F8 002:650 JLINK_IsHalted()  returns TRUE (0000ms, 0573ms total)
02-00000000-00-00002651-00E7: TA1F8 002:650 JLINK_GoEx(MaxEmulInsts = -1, Flags = 0x00) -- CPU_ReadMem(4 bytes @ 0xE0001000) -- CPU_WriteMem(4 bytes @ 0xE000ED30) -- CPU_WriteMem(4 bytes @ 0xE0001000) -- CPU_WriteMem(4 bytes @ 0xE0001004) (0003ms, 0576ms total)
02-00000000-00-00002653-0043: TA1F8 002:653 JLINK_IsHalted()  returns TRUE (0002ms, 0578ms total)
02-00000000-00-00002653-0050: TA1F8 002:655 JLINK_ReadReg(R15 (PC))  returns 0x0000123E (0000ms, 0576ms total)
02-00000000-00-00002654-006A: TA1F8 002:655 JLINK_GetMOEs(...) -- CPU_ReadMem(4 bytes @ 0xE000ED30)  returns 0x01 (0001ms, 0577ms total)
03-00000000-00-00002654-002A: ...Breakpoint reached @ address 0x0000123E
01-00000338-00-00002654-0007: $T05#b9
00-00000338-00-00002654-0017: +$m00000228,00000001#A6
01-00000338-00-00002675-0001: +
02-00000000-00-00002678-00EB: TA1F8 002:677 JLINK_ReadMem (0x00000228, 0x0001 Bytes, ...) -- CPU_ReadMem(64 bytes @ 0x00000200) -- Updating DA cache (64 bytes @ 0x00000200) -- Read from DA cache (1 bytes @ 0x00000228) - Data: 06  returns 0x00 (0003ms, 0580ms total)
03-00000000-00-00002678-002F: Read 1 bytes @ address 0x00000228 (Data = 0x06)
01-00000338-00-00002678-0006: $06#66
00-00000338-00-00002682-0001: +
03-00000000-00-00002682-001C: GDB closed TCP/IP connection
03-00000000-00-00002866-0037: Restoring target state and closing J-Link connection...
02-00000000-00-00002866-0041: TAD4C 002:868 JLINK_IsOpen()  returns 0x01 (0000ms, 0580ms total)
02-00000000-00-00002866-0056: TAD4C 002:868 JLINK_ExecCommand("ClrAllBPs", ...)  returns 0x00 (0000ms, 0580ms total)
03-00000000-00-00002874-0010: Shutting down...
